16:07:29 **** Incremental Build of configuration Debug for project C++ ****
make all 
Building file: ../src/Genetic_lab1.cpp
Invoking: GCC C++ Compiler
g++ -O0 -g3 -Wall -c -fmessage-length=0 -MMD -MP -MF"src/Genetic_lab1.d" -MT"src/Genetic_lab1.d" -o "src/Genetic_lab1.o" "../src/Genetic_lab1.cpp"
../src/Genetic_lab1.cpp: In function ‘std::pair<int, int> getParent()’:
../src/Genetic_lab1.cpp:28:6: warning: unused variable ‘comm1’ [-Wunused-variable]
  int comm1 = rand() % rem, comm2 = rand() % rem;
      ^
../src/Genetic_lab1.cpp:28:28: warning: unused variable ‘comm2’ [-Wunused-variable]
  int comm1 = rand() % rem, comm2 = rand() % rem;
                            ^
../src/Genetic_lab1.cpp:29:1: warning: no return statement in function returning non-void [-Wreturn-type]
 }
 ^
../src/Genetic_lab1.cpp: In function ‘void generatePop()’:
../src/Genetic_lab1.cpp:32:6: warning: unused variable ‘lw’ [-Wunused-variable]
  int lw = 0, up = upper - lower;
      ^
Finished building: ../src/Genetic_lab1.cpp
 
Building target: C++
Invoking: GCC C++ Linker
g++  -o "C++"  ./src/Genetic_lab1.o   
Finished building target: C++
 

16:07:30 Build Finished (took 662ms)

