<<<<<<< HEAD
11:29:01 **** Build of configuration Debug for project c++ ****
make all 
Building file: ../src/c++.cpp
/bin/sh: 1: g++: not found
Invoking: GCC C++ Compiler
make: *** [src/c++.o] Error 127
g++ -O0 -g3 -Wall -c -fmessage-length=0 -MMD -MP -MF"src/c++.d" -MT"src/c++.d" -o "src/c++.o" "../src/c++.cpp"
11:29:02 **** Build of configuration Default for project solving problem ****
make all 
make: *** No rule to make target `all'.  Stop.
11:29:09 **** Incremental Build of configuration Debug for project c++ ****
make all 
Building file: ../src/c++.cpp
/bin/sh: 1: g++: not found
Invoking: GCC C++ Compiler
make: *** [src/c++.o] Error 127
g++ -O0 -g3 -Wall -c -fmessage-length=0 -MMD -MP -MF"src/c++.d" -MT"src/c++.d" -o "src/c++.o" "../src/c++.cpp"
11:29:09 **** Incremental Build of configuration Default for project solving problem ****
make all 
make: *** No rule to make target `all'.  Stop.
11:29:14 **** Incremental Build of configuration Debug for project c++ ****
make all 
Building file: ../src/c++.cpp
Invoking: GCC C++ Compiler
g++ -O0 -g3 -Wall -c -fmessage-length=0 -MMD -MP -MF"src/c++.d" -MT"src/c++.d" -o "src/c++.o" "../src/c++.cpp"
/bin/sh: 1: g++: not found
make: *** [src/c++.o] Error 127
11:29:14 **** Incremental Build of configuration Default for project solving problem ****
make all 
make: *** No rule to make target `all'.  Stop.
18:44:42 **** Incremental Build of configuration Debug for project c++ ****
make all 
Building file: ../src/c++.cpp
Invoking: GCC C++ Compiler
g++ -O0 -g3 -Wall -c -fmessage-length=0 -MMD -MP -MF"src/c++.d" -MT"src/c++.d" -o "src/c++.o" "../src/c++.cpp"
Finished building: ../src/c++.cpp
 
Building target: c++
Invoking: GCC C++ Linker
g++  -o "c++"  ./src/c++.o   
Finished building target: c++
 
18:44:44 **** Incremental Build of configuration Default for project solving problem ****
make all 
make: *** No rule to make target `all'.  Stop.
18:45:02 **** Incremental Build of configuration Debug for project c++ ****
make all 
Building file: ../src/c++.cpp
Invoking: GCC C++ Compiler
g++ -O0 -g3 -Wall -c -fmessage-length=0 -MMD -MP -MF"src/c++.d" -MT"src/c++.d" -o "src/c++.o" "../src/c++.cpp"
Finished building: ../src/c++.cpp
 
Building target: c++
Invoking: GCC C++ Linker
g++  -o "c++"  ./src/c++.o   
Finished building target: c++
 
18:47:23 **** Incremental Build of configuration Debug for project c++ ****
make all 
Building file: ../src/c++.cpp
Invoking: GCC C++ Compiler
g++ -O0 -g3 -Wall -c -fmessage-length=0 -MMD -MP -MF"src/c++.d" -MT"src/c++.d" -o "src/c++.o" "../src/c++.cpp"
Finished building: ../src/c++.cpp
 
Building target: c++
Invoking: GCC C++ Linker
g++  -o "c++"  ./src/c++.o   
Finished building target: c++
 
18:50:26 **** Incremental Build of configuration Debug for project c++ ****
make all 
make: Nothing to be done for `all'.
18:50:29 **** Incremental Build of configuration Debug for project c++ ****
make all 
make: Nothing to be done for `all'.
18:53:06 **** Build of configuration Debug for project C++ ****
make all 
Building file: ../src/C++.cpp
Invoking: GCC C++ Compiler
g++ -O0 -g3 -Wall -c -fmessage-length=0 -MMD -MP -MF"src/C++.d" -MT"src/C++.d" -o "src/C++.o" "../src/C++.cpp"
Finished building: ../src/C++.cpp
 
Building target: C++
Invoking: GCC C++ Linker
g++  -o "C++"  ./src/C++.o   
Finished building target: C++
 
18:54:58 **** Clean-only build of configuration Debug for project C++ ****
make clean 
rm -rf  ./src/C++.o  ./src/C++.d  C++
 
18:55:13 **** Build of configuration Debug for project C++ ****
make all 
Building file: ../src/C++.cpp
Invoking: GCC C++ Compiler
g++ -O0 -g3 -Wall -c -fmessage-length=0 -MMD -MP -MF"src/C++.d" -MT"src/C++.d" -o "src/C++.o" "../src/C++.cpp"
Finished building: ../src/C++.cpp
 
Building target: C++
Invoking: GCC C++ Linker
g++  -o "C++"  ./src/C++.o   
Finished building target: C++
 
18:55:18 **** Incremental Build of configuration Debug for project C++ ****
make all 
make: Nothing to be done for `all'.
18:56:32 **** Incremental Build of configuration Debug for project C++ ****
make all 
Building file: ../src/C++.cpp
Invoking: GCC C++ Compiler
g++ -O0 -g3 -Wall -c -fmessage-length=0 -MMD -MP -MF"src/C++.d" -MT"src/C++.d" -o "src/C++.o" "../src/C++.cpp"
Finished building: ../src/C++.cpp
 
Building target: C++
Invoking: GCC C++ Linker
g++  -o "C++"  ./src/C++.o   
Finished building target: C++
 
19:18:39 **** Incremental Build of configuration Debug for project C++ ****
make all 
Building file: ../src/C++.cpp
Invoking: GCC C++ Compiler
g++ -O0 -g3 -Wall -c -fmessage-length=0 -MMD -MP -MF"src/C++.d" -MT"src/C++.d" -o "src/C++.o" "../src/C++.cpp"
Finished building: ../src/C++.cpp
 
Building target: C++
Invoking: GCC C++ Linker
g++  -o "C++"  ./src/C++.o   
Finished building target: C++
 
19:19:14 **** Incremental Build of configuration Debug for project C++ ****
make all 
make: Nothing to be done for `all'.
=======
21:54:26 **** Rebuild of configuration Debug for project ACM ****
Info: Internal Builder is used for build
g++ -O0 -g3 -Wall -c -fmessage-length=0 -o "src\\ACM.o" "..\\src\\ACM.cpp" 
g++ -o ACM.exe "src\\ACM.o" 
>>>>>>> 7516b910eb9d1d5dcd182615057c49846da7ebb6
19:55:07 **** Build of configuration Debug for project C++ ****
make all 
Building file: ../src/codeforces until work.cpp
Invoking: GCC C++ Compiler
g++ -O0 -g3 -Wall -c -fmessage-length=0 -MMD -MP -MF"src/codeforces until work.d" -MT"src/codeforces\ until\ work.d" -o "src/codeforces until work.o" "../src/codeforces until work.cpp"
../src/codeforces until work.cpp: In function ‘int main()’:
../src/codeforces until work.cpp:27:22: error: expression cannot be used as a function
   sum = (sum + 1)(sum), sum /= 2;
                      ^
make: *** [src/codeforces until work.o] Error 1
19:55:15 **** Incremental Build of configuration Debug for project C++ ****
make all 
Building file: ../src/codeforces until work.cpp
Invoking: GCC C++ Compiler
g++ -O0 -g3 -Wall -c -fmessage-length=0 -MMD -MP -MF"src/codeforces until work.d" -MT"src/codeforces\ until\ work.d" -o "src/codeforces until work.o" "../src/codeforces until work.cpp"
../src/codeforces until work.cpp: In function ‘int main()’:
../src/codeforces until work.cpp:27:22: error: expression cannot be used as a function
   sum = (sum + 1)(sum);
                      ^
make: *** [src/codeforces until work.o] Error 1
19:55:17 **** Incremental Build of configuration Debug for project C++ ****
make all 
Building file: ../src/codeforces until work.cpp
Invoking: GCC C++ Compiler
g++ -O0 -g3 -Wall -c -fmessage-length=0 -MMD -MP -MF"src/codeforces until work.d" -MT"src/codeforces\ until\ work.d" -o "src/codeforces until work.o" "../src/codeforces until work.cpp"
../src/codeforces until work.cpp: In function ‘int main()’:
../src/codeforces until work.cpp:27:22: error: expression cannot be used as a function
   sum = (sum + 1)(sum);
                      ^
make: *** [src/codeforces until work.o] Error 1
19:55:41 **** Incremental Build of configuration Debug for project C++ ****
make all 
Building file: ../src/codeforces until work.cpp
Invoking: GCC C++ Compiler
g++ -O0 -g3 -Wall -c -fmessage-length=0 -MMD -MP -MF"src/codeforces until work.d" -MT"src/codeforces\ until\ work.d" -o "src/codeforces until work.o" "../src/codeforces until work.cpp"
Finished building: ../src/codeforces until work.cpp
 
Building target: C++
Invoking: GCC C++ Linker
g++  -o "C++"  ./src/codeforces\ until\ work.o   
Finished building target: C++
 
19:55:43 **** Incremental Build of configuration Debug for project C++ ****
make all 
make: Nothing to be done for `all'.
19:55:49 **** Incremental Build of configuration Debug for project C++ ****
make all 
Building file: ../src/codeforces until work.cpp
Invoking: GCC C++ Compiler
g++ -O0 -g3 -Wall -c -fmessage-length=0 -MMD -MP -MF"src/codeforces until work.d" -MT"src/codeforces\ until\ work.d" -o "src/codeforces until work.o" "../src/codeforces until work.cpp"
Finished building: ../src/codeforces until work.cpp
 
Building target: C++
Invoking: GCC C++ Linker
g++  -o "C++"  ./src/codeforces\ until\ work.o   
Finished building target: C++
 
19:55:59 **** Incremental Build of configuration Debug for project C++ ****
make all 
make: Nothing to be done for `all'.
19:56:05 **** Incremental Build of configuration Debug for project C++ ****
make all 
make: Nothing to be done for `all'.
19:59:56 **** Incremental Build of configuration Debug for project C++ ****
make all 
Building file: ../src/codeforces until work.cpp
Invoking: GCC C++ Compiler
g++ -O0 -g3 -Wall -c -fmessage-length=0 -MMD -MP -MF"src/codeforces until work.d" -MT"src/codeforces\ until\ work.d" -o "src/codeforces until work.o" "../src/codeforces until work.cpp"
Finished building: ../src/codeforces until work.cpp
 
Building target: C++
Invoking: GCC C++ Linker
g++  -o "C++"  ./src/codeforces\ until\ work.o   
Finished building target: C++
 
20:00:02 **** Incremental Build of configuration Debug for project C++ ****
make all 
make: Nothing to be done for `all'.
20:00:16 **** Incremental Build of configuration Debug for project C++ ****
make all 
Building file: ../src/codeforces until work.cpp
Invoking: GCC C++ Compiler
g++ -O0 -g3 -Wall -c -fmessage-length=0 -MMD -MP -MF"src/codeforces until work.d" -MT"src/codeforces\ until\ work.d" -o "src/codeforces until work.o" "../src/codeforces until work.cpp"
Finished building: ../src/codeforces until work.cpp
 
Building target: C++
Invoking: GCC C++ Linker
g++  -o "C++"  ./src/codeforces\ until\ work.o   
Finished building target: C++
 
20:00:46 **** Incremental Build of configuration Debug for project C++ ****
make all 
Building file: ../src/codeforces until work.cpp
Invoking: GCC C++ Compiler
g++ -O0 -g3 -Wall -c -fmessage-length=0 -MMD -MP -MF"src/codeforces until work.d" -MT"src/codeforces\ until\ work.d" -o "src/codeforces until work.o" "../src/codeforces until work.cpp"
Finished building: ../src/codeforces until work.cpp
 
Building target: C++
Invoking: GCC C++ Linker
g++  -o "C++"  ./src/codeforces\ until\ work.o   
Finished building target: C++
 
20:01:32 **** Incremental Build of configuration Debug for project C++ ****
make all 
Building file: ../src/codeforces until work.cpp
Invoking: GCC C++ Compiler
g++ -O0 -g3 -Wall -c -fmessage-length=0 -MMD -MP -MF"src/codeforces until work.d" -MT"src/codeforces\ until\ work.d" -o "src/codeforces until work.o" "../src/codeforces until work.cpp"
Finished building: ../src/codeforces until work.cpp
 
Building target: C++
Invoking: GCC C++ Linker
g++  -o "C++"  ./src/codeforces\ until\ work.o   
Finished building target: C++
 
20:01:46 **** Incremental Build of configuration Debug for project C++ ****
make all 
Building file: ../src/codeforces until work.cpp
Invoking: GCC C++ Compiler
g++ -O0 -g3 -Wall -c -fmessage-length=0 -MMD -MP -MF"src/codeforces until work.d" -MT"src/codeforces\ until\ work.d" -o "src/codeforces until work.o" "../src/codeforces until work.cpp"
Finished building: ../src/codeforces until work.cpp
 
Building target: C++
Invoking: GCC C++ Linker
g++  -o "C++"  ./src/codeforces\ until\ work.o   
Finished building target: C++
 
20:01:56 **** Incremental Build of configuration Debug for project C++ ****
make all 
Building file: ../src/codeforces until work.cpp
Invoking: GCC C++ Compiler
g++ -O0 -g3 -Wall -c -fmessage-length=0 -MMD -MP -MF"src/codeforces until work.d" -MT"src/codeforces\ until\ work.d" -o "src/codeforces until work.o" "../src/codeforces until work.cpp"
Finished building: ../src/codeforces until work.cpp
 
Building target: C++
Invoking: GCC C++ Linker
g++  -o "C++"  ./src/codeforces\ until\ work.o   
Finished building target: C++
 
20:02:32 **** Incremental Build of configuration Debug for project C++ ****
make all 
Building file: ../src/codeforces until work.cpp
Invoking: GCC C++ Compiler
g++ -O0 -g3 -Wall -c -fmessage-length=0 -MMD -MP -MF"src/codeforces until work.d" -MT"src/codeforces\ until\ work.d" -o "src/codeforces until work.o" "../src/codeforces until work.cpp"
../src/codeforces until work.cpp: In function ‘int main()’:
../src/codeforces until work.cpp:23:23: error: expected ‘)’ before numeric constant
   cout << !((num + i) 6 3) << endl;
                       ^
make: *** [src/codeforces until work.o] Error 1
20:02:40 **** Incremental Build of configuration Debug for project C++ ****
make all 
Building file: ../src/codeforces until work.cpp
Invoking: GCC C++ Compiler
g++ -O0 -g3 -Wall -c -fmessage-length=0 -MMD -MP -MF"src/codeforces until work.d" -MT"src/codeforces\ until\ work.d" -o "src/codeforces until work.o" "../src/codeforces until work.cpp"
Finished building: ../src/codeforces until work.cpp
 
Building target: C++
Invoking: GCC C++ Linker
g++  -o "C++"  ./src/codeforces\ until\ work.o   
Finished building target: C++
 
20:02:56 **** Incremental Build of configuration Debug for project C++ ****
make all 
Building file: ../src/codeforces until work.cpp
Invoking: GCC C++ Compiler
g++ -O0 -g3 -Wall -c -fmessage-length=0 -MMD -MP -MF"src/codeforces until work.d" -MT"src/codeforces\ until\ work.d" -o "src/codeforces until work.o" "../src/codeforces until work.cpp"
Finished building: ../src/codeforces until work.cpp
 
Building target: C++
Invoking: GCC C++ Linker
g++  -o "C++"  ./src/codeforces\ until\ work.o   
Finished building target: C++
 
20:03:07 **** Incremental Build of configuration Debug for project C++ ****
make all 
Building file: ../src/codeforces until work.cpp
Invoking: GCC C++ Compiler
g++ -O0 -g3 -Wall -c -fmessage-length=0 -MMD -MP -MF"src/codeforces until work.d" -MT"src/codeforces\ until\ work.d" -o "src/codeforces until work.o" "../src/codeforces until work.cpp"
../src/codeforces until work.cpp: In function ‘int main()’:
../src/codeforces until work.cpp:25:13: warning: unused variable ‘numtot’ [-Wunused-variable]
   long long numtot = (num + i) / 3;
             ^
Finished building: ../src/codeforces until work.cpp
 
Building target: C++
Invoking: GCC C++ Linker
g++  -o "C++"  ./src/codeforces\ until\ work.o   
Finished building target: C++
 
20:03:17 **** Incremental Build of configuration Debug for project C++ ****
make all 
Building file: ../src/codeforces until work.cpp
Invoking: GCC C++ Compiler
g++ -O0 -g3 -Wall -c -fmessage-length=0 -MMD -MP -MF"src/codeforces until work.d" -MT"src/codeforces\ until\ work.d" -o "src/codeforces until work.o" "../src/codeforces until work.cpp"
../src/codeforces until work.cpp: In function ‘int main()’:
../src/codeforces until work.cpp:25:13: warning: unused variable ‘numtot’ [-Wunused-variable]
   long long numtot = (num + i) / 3;
             ^
Finished building: ../src/codeforces until work.cpp
 
Building target: C++
Invoking: GCC C++ Linker
g++  -o "C++"  ./src/codeforces\ until\ work.o   
Finished building target: C++
 
20:03:36 **** Incremental Build of configuration Debug for project C++ ****
make all 
Building file: ../src/codeforces until work.cpp
Invoking: GCC C++ Compiler
g++ -O0 -g3 -Wall -c -fmessage-length=0 -MMD -MP -MF"src/codeforces until work.d" -MT"src/codeforces\ until\ work.d" -o "src/codeforces until work.o" "../src/codeforces until work.cpp"
../src/codeforces until work.cpp: In function ‘int main()’:
../src/codeforces until work.cpp:26:13: warning: unused variable ‘numtot’ [-Wunused-variable]
   long long numtot = (num + i) / 3;
             ^
Finished building: ../src/codeforces until work.cpp
 
Building target: C++
Invoking: GCC C++ Linker
g++  -o "C++"  ./src/codeforces\ until\ work.o   
Finished building target: C++
 
20:03:47 **** Incremental Build of configuration Debug for project C++ ****
make all 
Building file: ../src/codeforces until work.cpp
Invoking: GCC C++ Compiler
g++ -O0 -g3 -Wall -c -fmessage-length=0 -MMD -MP -MF"src/codeforces until work.d" -MT"src/codeforces\ until\ work.d" -o "src/codeforces until work.o" "../src/codeforces until work.cpp"
../src/codeforces until work.cpp: In function ‘int main()’:
../src/codeforces until work.cpp:26:13: warning: unused variable ‘numtot’ [-Wunused-variable]
   long long numtot = (num + i) / 3;
             ^
Finished building: ../src/codeforces until work.cpp
 
Building target: C++
Invoking: GCC C++ Linker
g++  -o "C++"  ./src/codeforces\ until\ work.o   
Finished building target: C++
 
20:04:02 **** Incremental Build of configuration Debug for project C++ ****
make all 
Building file: ../src/codeforces until work.cpp
Invoking: GCC C++ Compiler
g++ -O0 -g3 -Wall -c -fmessage-length=0 -MMD -MP -MF"src/codeforces until work.d" -MT"src/codeforces\ until\ work.d" -o "src/codeforces until work.o" "../src/codeforces until work.cpp"
Finished building: ../src/codeforces until work.cpp
 
Building target: C++
Invoking: GCC C++ Linker
g++  -o "C++"  ./src/codeforces\ until\ work.o   
Finished building target: C++
 
